TN:
SF:./angular-tree-control.js
FN:5,(anonymous_1)
FN:12,(anonymous_2)
FN:17,classIfDefined
FN:28,ensureDefault
FN:50,(anonymous_5)
FN:52,defaultIsLeaf
FN:56,shallowCopy
FN:75,defaultEquality
FN:85,defaultIsSelectable
FN:116,isSelectedNode
FN:129,(anonymous_11)
FN:142,(anonymous_12)
FN:149,(anonymous_13)
FN:153,(anonymous_14)
FN:179,(anonymous_15)
FN:228,(anonymous_16)
FN:238,(anonymous_17)
FN:245,(anonymous_18)
FN:249,(anonymous_19)
FN:284,(anonymous_20)
FN:285,(anonymous_21)
FN:287,updateNodeOnRootScope
FN:302,(anonymous_23)
FN:308,(anonymous_24)
FN:319,(anonymous_25)
FN:339,(anonymous_26)
FN:350,(anonymous_27)
FN:353,(anonymous_28)
FN:359,(anonymous_29)
FN:363,(anonymous_30)
FN:365,(anonymous_31)
FN:371,(anonymous_32)
FN:373,(anonymous_33)
FN:375,(anonymous_34)
FN:404,(anonymous_35)
FN:408,(anonymous_36)
FNF:36
FNH:36
FNDA:1,(anonymous_1)
FNDA:70,(anonymous_2)
FNDA:4044,classIfDefined
FNDA:1136,ensureDefault
FNDA:71,(anonymous_5)
FNDA:1046,defaultIsLeaf
FNDA:568,shallowCopy
FNDA:1457,defaultEquality
FNDA:978,defaultIsSelectable
FNDA:1109,isSelectedNode
FNDA:763,(anonymous_11)
FNDA:999,(anonymous_12)
FNDA:728,(anonymous_13)
FNDA:24,(anonymous_14)
FNDA:26,(anonymous_15)
FNDA:999,(anonymous_16)
FNDA:999,(anonymous_17)
FNDA:10,(anonymous_18)
FNDA:10,(anonymous_19)
FNDA:71,(anonymous_20)
FNDA:71,(anonymous_21)
FNDA:77,updateNodeOnRootScope
FNDA:96,(anonymous_23)
FNDA:78,(anonymous_24)
FNDA:40,(anonymous_25)
FNDA:71,(anonymous_26)
FNDA:70,(anonymous_27)
FNDA:252,(anonymous_28)
FNDA:70,(anonymous_29)
FNDA:34,(anonymous_30)
FNDA:34,(anonymous_31)
FNDA:70,(anonymous_32)
FNDA:252,(anonymous_33)
FNDA:81,(anonymous_34)
FNDA:22,(anonymous_35)
FNDA:252,(anonymous_36)
DA:2,1
DA:3,0
DA:5,1
DA:8,1
DA:17,1
DA:18,4044
DA:19,390
DA:20,22
DA:22,368
DA:25,3654
DA:28,1
DA:29,1136
DA:30,1025
DA:33,70
DA:52,1
DA:53,1046
DA:56,1
DA:57,568
DA:58,0
DA:60,0
DA:61,0
DA:63,568
DA:64,568
DA:66,568
DA:67,1676
DA:68,1126
DA:73,568
DA:75,1
DA:76,1457
DA:77,1173
DA:78,284
DA:79,284
DA:80,284
DA:81,284
DA:82,284
DA:85,1
DA:86,978
DA:89,71
DA:90,71
DA:91,71
DA:92,71
DA:93,71
DA:94,71
DA:95,71
DA:96,71
DA:97,71
DA:98,71
DA:99,71
DA:100,71
DA:101,71
DA:102,71
DA:103,71
DA:104,71
DA:105,71
DA:107,71
DA:108,71
DA:109,71
DA:110,71
DA:111,12
DA:113,71
DA:116,1
DA:117,1109
DA:118,34
DA:119,1075
DA:120,89
DA:121,80
DA:122,31
DA:125,58
DA:129,71
DA:130,763
DA:131,763
DA:132,763
DA:133,4
DA:134,763
DA:135,243
DA:136,520
DA:137,89
DA:139,431
DA:142,71
DA:143,999
DA:144,104
DA:146,895
DA:149,71
DA:150,728
DA:153,71
DA:154,24
DA:155,24
DA:156,24
DA:157,24
DA:158,20
DA:161,4
DA:162,4
DA:163,7
DA:164,4
DA:167,4
DA:168,4
DA:170,24
DA:171,24
DA:172,24
DA:179,71
DA:180,26
DA:181,26
DA:183,3
DA:185,23
DA:187,1
DA:190,22
DA:191,22
DA:192,8
DA:193,8
DA:194,4
DA:195,2
DA:196,2
DA:199,8
DA:200,6
DA:201,6
DA:203,2
DA:206,14
DA:207,11
DA:208,11
DA:211,3
DA:212,2
DA:214,1
DA:215,1
DA:219,22
DA:220,22
DA:221,22
DA:228,71
DA:229,999
DA:230,999
DA:231,999
DA:232,999
DA:233,4
DA:235,999
DA:238,71
DA:239,999
DA:240,999
DA:241,999
DA:245,71
DA:246,10
DA:249,71
DA:250,10
DA:253,71
DA:262,71
DA:263,71
DA:265,71
DA:266,1
DA:269,71
DA:270,70
DA:282,71
DA:285,71
DA:287,71
DA:288,77
DA:289,77
DA:290,4
DA:291,73
DA:292,73
DA:293,73
DA:296,0
DA:297,0
DA:298,0
DA:302,71
DA:303,96
DA:304,96
DA:305,96
DA:306,96
DA:308,96
DA:309,78
DA:310,78
DA:314,78
DA:319,96
DA:320,40
DA:321,40
DA:322,49
DA:323,49
DA:324,28
DA:325,28
DA:328,40
DA:329,12
DA:331,96
DA:339,71
DA:340,71
DA:345,71
DA:351,70
DA:354,252
DA:355,252
DA:360,70
DA:365,34
DA:366,34
DA:372,70
DA:374,252
DA:375,155
DA:376,81
DA:377,13
DA:378,13
DA:382,252
DA:383,2
DA:384,250
DA:385,16
DA:386,16
DA:387,6
DA:388,2
DA:391,16
DA:395,252
DA:396,252
DA:397,252
DA:398,252
DA:399,252
DA:400,252
DA:401,252
DA:402,252
DA:403,252
DA:404,252
DA:405,22
DA:408,252
DA:409,252
DA:410,252
LF:216
LH:209
BRDA:2,1,0,0
BRDA:2,1,1,1
BRDA:2,2,0,1
BRDA:2,2,1,1
BRDA:2,2,2,0
BRDA:18,3,0,390
BRDA:18,3,1,3654
BRDA:19,4,0,22
BRDA:19,4,1,368
BRDA:29,5,0,1025
BRDA:29,5,1,111
BRDA:53,6,0,1046
BRDA:53,6,1,961
BRDA:57,7,0,0
BRDA:57,7,1,568
BRDA:58,8,0,0
BRDA:58,8,1,0
BRDA:63,9,0,568
BRDA:63,9,1,0
BRDA:64,10,0,568
BRDA:64,10,1,568
BRDA:67,11,0,1126
BRDA:67,11,1,550
BRDA:67,12,0,1676
BRDA:67,12,1,1676
BRDA:67,13,0,1676
BRDA:67,13,1,550
BRDA:73,14,0,568
BRDA:73,14,1,0
BRDA:76,15,0,1173
BRDA:76,15,1,284
BRDA:76,16,0,1457
BRDA:76,16,1,1441
BRDA:89,17,0,71
BRDA:89,17,1,45
BRDA:107,18,0,71
BRDA:107,18,1,70
BRDA:108,19,0,71
BRDA:108,19,1,65
BRDA:117,20,0,34
BRDA:117,20,1,1075
BRDA:117,21,0,1109
BRDA:117,21,1,1020
BRDA:119,22,0,89
BRDA:119,22,1,986
BRDA:119,23,0,1075
BRDA:119,23,1,89
BRDA:121,24,0,31
BRDA:121,24,1,49
BRDA:132,25,0,4
BRDA:132,25,1,759
BRDA:132,26,0,763
BRDA:132,26,1,110
BRDA:134,27,0,243
BRDA:134,27,1,520
BRDA:136,28,0,89
BRDA:136,28,1,431
BRDA:143,29,0,104
BRDA:143,29,1,895
BRDA:156,30,0,20
BRDA:156,30,1,4
BRDA:157,31,0,20
BRDA:157,31,1,4
BRDA:162,32,0,11
BRDA:162,32,1,7
BRDA:163,33,0,4
BRDA:163,33,1,3
BRDA:167,34,0,4
BRDA:167,34,1,0
BRDA:170,35,0,24
BRDA:170,35,1,0
BRDA:171,36,0,20
BRDA:171,36,1,4
BRDA:181,37,0,3
BRDA:181,37,1,23
BRDA:181,38,0,26
BRDA:181,38,1,21
BRDA:181,38,2,20
BRDA:185,39,0,1
BRDA:185,39,1,22
BRDA:185,40,0,23
BRDA:185,40,1,5
BRDA:191,41,0,8
BRDA:191,41,1,14
BRDA:194,42,0,2
BRDA:194,42,1,2
BRDA:199,43,0,6
BRDA:199,43,1,2
BRDA:206,44,0,11
BRDA:206,44,1,3
BRDA:211,45,0,2
BRDA:211,45,1,1
BRDA:219,46,0,22
BRDA:219,46,1,0
BRDA:220,47,0,18
BRDA:220,47,1,4
BRDA:232,48,0,4
BRDA:232,48,1,995
BRDA:232,49,0,999
BRDA:232,49,1,110
BRDA:235,50,0,61
BRDA:235,50,1,938
BRDA:241,51,0,27
BRDA:241,51,1,972
BRDA:246,52,0,10
BRDA:246,52,1,8
BRDA:246,52,2,8
BRDA:246,52,3,2
BRDA:254,53,0,4
BRDA:254,53,1,67
BRDA:263,54,0,71
BRDA:263,54,1,70
BRDA:265,55,0,1
BRDA:265,55,1,70
BRDA:269,56,0,70
BRDA:269,56,1,1
BRDA:288,57,0,77
BRDA:288,57,1,0
BRDA:289,58,0,4
BRDA:289,58,1,73
BRDA:289,59,0,77
BRDA:289,59,1,6
BRDA:296,60,0,0
BRDA:296,60,1,0
BRDA:321,61,0,89
BRDA:321,61,1,70
BRDA:323,62,0,28
BRDA:323,62,1,21
BRDA:328,63,0,12
BRDA:328,63,1,28
BRDA:374,64,0,155
BRDA:374,64,1,97
BRDA:376,65,0,13
BRDA:376,65,1,68
BRDA:382,66,0,2
BRDA:382,66,1,250
BRDA:382,67,0,252
BRDA:382,67,1,236
BRDA:384,68,0,16
BRDA:384,68,1,234
BRDA:387,69,0,2
BRDA:387,69,1,4
BRDA:397,70,0,185
BRDA:397,70,1,67
BRF:144
BRH:131
end_of_record
