TN:
SF:./angular-tree-control.js
FN:5,(anonymous_1)
FN:8,createPath
FN:9,path
FN:27,(anonymous_4)
FN:32,classIfDefined
FN:43,ensureDefault
FN:65,(anonymous_7)
FN:67,defaultIsLeaf
FN:71,shallowCopy
FN:90,defaultEquality
FN:100,defaultIsSelectable
FN:131,isSelectedNode
FN:144,(anonymous_13)
FN:157,(anonymous_14)
FN:164,(anonymous_15)
FN:168,(anonymous_16)
FN:195,(anonymous_17)
FN:245,(anonymous_18)
FN:255,(anonymous_19)
FN:262,(anonymous_20)
FN:266,(anonymous_21)
FN:302,(anonymous_22)
FN:303,(anonymous_23)
FN:305,updateNodeOnRootScope
FN:320,(anonymous_25)
FN:326,(anonymous_26)
FN:337,(anonymous_27)
FN:357,(anonymous_28)
FN:368,(anonymous_29)
FN:371,(anonymous_30)
FN:377,(anonymous_31)
FN:381,(anonymous_32)
FN:383,(anonymous_33)
FN:389,(anonymous_34)
FN:391,(anonymous_35)
FN:393,(anonymous_36)
FN:423,(anonymous_37)
FN:427,(anonymous_38)
FNF:38
FNH:38
FNDA:1,(anonymous_1)
FNDA:342,createPath
FNDA:53,path
FNDA:77,(anonymous_4)
FNDA:4725,classIfDefined
FNDA:1248,ensureDefault
FNDA:78,(anonymous_7)
FNDA:1220,defaultIsLeaf
FNDA:672,shallowCopy
FNDA:1666,defaultEquality
FNDA:1154,defaultIsSelectable
FNDA:1282,isSelectedNode
FNDA:897,(anonymous_13)
FNDA:1172,(anonymous_14)
FNDA:862,(anonymous_15)
FNDA:31,(anonymous_16)
FNDA:29,(anonymous_17)
FNDA:1172,(anonymous_18)
FNDA:1172,(anonymous_19)
FNDA:14,(anonymous_20)
FNDA:14,(anonymous_21)
FNDA:78,(anonymous_22)
FNDA:78,(anonymous_23)
FNDA:84,updateNodeOnRootScope
FNDA:110,(anonymous_25)
FNDA:106,(anonymous_26)
FNDA:52,(anonymous_27)
FNDA:78,(anonymous_28)
FNDA:77,(anonymous_29)
FNDA:286,(anonymous_30)
FNDA:77,(anonymous_31)
FNDA:40,(anonymous_32)
FNDA:40,(anonymous_33)
FNDA:77,(anonymous_34)
FNDA:286,(anonymous_35)
FNDA:85,(anonymous_36)
FNDA:24,(anonymous_37)
FNDA:286,(anonymous_38)
DA:2,1
DA:3,0
DA:5,1
DA:8,1
DA:9,342
DA:10,53
DA:11,53
DA:12,53
DA:13,53
DA:14,97
DA:15,75
DA:16,97
DA:17,97
DA:19,53
DA:23,1
DA:32,1
DA:33,4725
DA:34,390
DA:35,22
DA:37,368
DA:40,4335
DA:43,1
DA:44,1248
DA:45,1136
DA:48,77
DA:67,1
DA:68,1220
DA:71,1
DA:72,672
DA:73,0
DA:75,0
DA:76,0
DA:78,672
DA:79,672
DA:81,672
DA:82,1988
DA:83,1334
DA:88,672
DA:90,1
DA:91,1666
DA:92,1330
DA:93,336
DA:94,336
DA:95,336
DA:96,336
DA:97,336
DA:100,1
DA:101,1154
DA:104,78
DA:105,78
DA:106,78
DA:107,78
DA:108,78
DA:109,78
DA:110,78
DA:111,78
DA:112,78
DA:113,78
DA:114,78
DA:115,78
DA:116,78
DA:117,78
DA:118,78
DA:119,78
DA:120,78
DA:122,78
DA:123,78
DA:124,78
DA:125,78
DA:126,12
DA:128,78
DA:131,1
DA:132,1282
DA:133,38
DA:134,1244
DA:135,129
DA:136,90
DA:137,33
DA:140,96
DA:144,78
DA:145,897
DA:146,897
DA:147,897
DA:148,4
DA:149,897
DA:150,284
DA:151,613
DA:152,113
DA:154,500
DA:157,78
DA:158,1172
DA:159,130
DA:161,1042
DA:164,78
DA:165,862
DA:168,78
DA:169,31
DA:170,31
DA:171,31
DA:172,31
DA:173,26
DA:176,5
DA:177,5
DA:178,9
DA:179,5
DA:182,5
DA:183,5
DA:185,31
DA:186,31
DA:187,31
DA:188,31
DA:195,78
DA:196,29
DA:197,29
DA:199,3
DA:201,26
DA:203,1
DA:206,25
DA:207,25
DA:208,9
DA:209,9
DA:210,4
DA:211,2
DA:212,2
DA:215,9
DA:216,7
DA:217,7
DA:219,2
DA:222,16
DA:223,13
DA:224,13
DA:227,3
DA:228,2
DA:230,1
DA:231,1
DA:235,25
DA:236,25
DA:237,25
DA:238,25
DA:245,78
DA:246,1172
DA:247,1172
DA:248,1172
DA:249,1172
DA:250,4
DA:252,1172
DA:255,78
DA:256,1172
DA:257,1172
DA:258,1172
DA:262,78
DA:263,14
DA:266,78
DA:267,14
DA:271,78
DA:280,78
DA:281,78
DA:283,78
DA:284,1
DA:287,78
DA:288,77
DA:300,78
DA:303,78
DA:305,78
DA:306,84
DA:307,84
DA:308,4
DA:309,80
DA:310,80
DA:311,80
DA:314,0
DA:315,0
DA:316,0
DA:320,78
DA:321,110
DA:322,110
DA:323,110
DA:324,110
DA:326,110
DA:327,106
DA:328,106
DA:332,106
DA:337,110
DA:338,52
DA:339,52
DA:340,79
DA:341,79
DA:342,40
DA:343,40
DA:346,52
DA:347,12
DA:349,110
DA:357,78
DA:358,78
DA:363,78
DA:369,77
DA:372,286
DA:373,286
DA:378,77
DA:383,40
DA:384,40
DA:390,77
DA:392,286
DA:393,171
DA:394,85
DA:395,13
DA:396,13
DA:400,286
DA:401,2
DA:402,284
DA:403,22
DA:404,22
DA:405,6
DA:406,2
DA:409,22
DA:413,286
DA:414,286
DA:415,286
DA:416,286
DA:417,286
DA:418,286
DA:419,286
DA:420,286
DA:421,286
DA:422,286
DA:423,286
DA:424,24
DA:427,286
DA:428,286
DA:429,286
LF:230
LH:223
BRDA:2,1,0,0
BRDA:2,1,1,1
BRDA:2,2,0,1
BRDA:2,2,1,1
BRDA:2,2,2,0
BRDA:13,3,0,150
BRDA:13,3,1,150
BRDA:14,4,0,75
BRDA:14,4,1,22
BRDA:33,5,0,390
BRDA:33,5,1,4335
BRDA:34,6,0,22
BRDA:34,6,1,368
BRDA:44,7,0,1136
BRDA:44,7,1,112
BRDA:68,8,0,1220
BRDA:68,8,1,1135
BRDA:72,9,0,0
BRDA:72,9,1,672
BRDA:73,10,0,0
BRDA:73,10,1,0
BRDA:78,11,0,672
BRDA:78,11,1,0
BRDA:79,12,0,672
BRDA:79,12,1,672
BRDA:82,13,0,1334
BRDA:82,13,1,654
BRDA:82,14,0,1988
BRDA:82,14,1,1988
BRDA:82,15,0,1988
BRDA:82,15,1,654
BRDA:88,16,0,672
BRDA:88,16,1,0
BRDA:91,17,0,1330
BRDA:91,17,1,336
BRDA:91,18,0,1666
BRDA:91,18,1,1650
BRDA:104,19,0,78
BRDA:104,19,1,51
BRDA:122,20,0,78
BRDA:122,20,1,77
BRDA:123,21,0,78
BRDA:123,21,1,72
BRDA:132,22,0,38
BRDA:132,22,1,1244
BRDA:132,23,0,1282
BRDA:132,23,1,1153
BRDA:134,24,0,129
BRDA:134,24,1,1115
BRDA:134,25,0,1244
BRDA:134,25,1,129
BRDA:136,26,0,33
BRDA:136,26,1,57
BRDA:147,27,0,4
BRDA:147,27,1,893
BRDA:147,28,0,897
BRDA:147,28,1,110
BRDA:149,29,0,284
BRDA:149,29,1,613
BRDA:151,30,0,113
BRDA:151,30,1,500
BRDA:158,31,0,130
BRDA:158,31,1,1042
BRDA:171,32,0,26
BRDA:171,32,1,5
BRDA:172,33,0,26
BRDA:172,33,1,5
BRDA:177,34,0,14
BRDA:177,34,1,10
BRDA:178,35,0,5
BRDA:178,35,1,4
BRDA:182,36,0,5
BRDA:182,36,1,0
BRDA:185,37,0,31
BRDA:185,37,1,0
BRDA:186,38,0,23
BRDA:186,38,1,8
BRDA:197,39,0,3
BRDA:197,39,1,26
BRDA:197,40,0,29
BRDA:197,40,1,23
BRDA:197,40,2,22
BRDA:201,41,0,1
BRDA:201,41,1,25
BRDA:201,42,0,26
BRDA:201,42,1,6
BRDA:207,43,0,9
BRDA:207,43,1,16
BRDA:210,44,0,2
BRDA:210,44,1,2
BRDA:215,45,0,7
BRDA:215,45,1,2
BRDA:222,46,0,13
BRDA:222,46,1,3
BRDA:227,47,0,2
BRDA:227,47,1,1
BRDA:235,48,0,25
BRDA:235,48,1,0
BRDA:236,49,0,20
BRDA:236,49,1,5
BRDA:249,50,0,4
BRDA:249,50,1,1168
BRDA:249,51,0,1172
BRDA:249,51,1,110
BRDA:252,52,0,67
BRDA:252,52,1,1105
BRDA:258,53,0,27
BRDA:258,53,1,1145
BRDA:263,54,0,14
BRDA:263,54,1,6
BRDA:263,54,2,6
BRDA:263,54,3,2
BRDA:272,55,0,6
BRDA:272,55,1,72
BRDA:281,56,0,78
BRDA:281,56,1,77
BRDA:283,57,0,1
BRDA:283,57,1,77
BRDA:287,58,0,77
BRDA:287,58,1,1
BRDA:306,59,0,84
BRDA:306,59,1,0
BRDA:307,60,0,4
BRDA:307,60,1,80
BRDA:307,61,0,84
BRDA:307,61,1,6
BRDA:314,62,0,0
BRDA:314,62,1,0
BRDA:339,63,0,131
BRDA:339,63,1,110
BRDA:341,64,0,40
BRDA:341,64,1,39
BRDA:346,65,0,12
BRDA:346,65,1,40
BRDA:392,66,0,171
BRDA:392,66,1,115
BRDA:394,67,0,13
BRDA:394,67,1,72
BRDA:400,68,0,2
BRDA:400,68,1,284
BRDA:400,69,0,286
BRDA:400,69,1,264
BRDA:402,70,0,22
BRDA:402,70,1,262
BRDA:405,71,0,2
BRDA:405,71,1,4
BRDA:416,72,0,207
BRDA:416,72,1,79
BRF:148
BRH:135
end_of_record
