TN:
SF:./angular-tree-control.js
FN:5,(anonymous_1)
FN:8,createPath
FN:9,path
FN:23,ensureDefault
FN:28,defaultIsLeaf
FN:32,shallowCopy
FN:51,defaultEquality
FN:61,defaultIsSelectable
FN:65,ensureAllDefaultOptions
FN:88,(anonymous_10)
FN:93,classIfDefined
FN:123,(anonymous_12)
FN:138,isSelectedNode
FN:151,(anonymous_14)
FN:164,(anonymous_15)
FN:171,(anonymous_16)
FN:175,(anonymous_17)
FN:202,(anonymous_18)
FN:252,(anonymous_19)
FN:262,(anonymous_20)
FN:269,(anonymous_21)
FN:273,(anonymous_22)
FN:309,(anonymous_23)
FN:310,(anonymous_24)
FN:312,updateNodeOnRootScope
FN:327,(anonymous_26)
FN:333,(anonymous_27)
FN:344,(anonymous_28)
FN:364,(anonymous_29)
FN:375,(anonymous_30)
FN:378,(anonymous_31)
FN:384,(anonymous_32)
FN:388,(anonymous_33)
FN:390,(anonymous_34)
FN:396,(anonymous_35)
FN:398,(anonymous_36)
FN:402,(anonymous_37)
FN:404,(anonymous_38)
FN:434,(anonymous_39)
FN:438,(anonymous_40)
FNF:40
FNH:40
FNDA:1,(anonymous_1)
FNDA:1454,createPath
FNDA:53,path
FNDA:23616,ensureDefault
FNDA:4538,defaultIsLeaf
FNDA:244780,shallowCopy
FNDA:133128,defaultEquality
FNDA:4508,defaultIsSelectable
FNDA:1476,ensureAllDefaultOptions
FNDA:80,(anonymous_10)
FNDA:17039,classIfDefined
FNDA:80,(anonymous_12)
FNDA:4636,isSelectedNode
FNDA:3141,(anonymous_14)
FNDA:4526,(anonymous_15)
FNDA:3106,(anonymous_16)
FNDA:33,(anonymous_17)
FNDA:29,(anonymous_18)
FNDA:4526,(anonymous_19)
FNDA:4526,(anonymous_20)
FNDA:14,(anonymous_21)
FNDA:14,(anonymous_22)
FNDA:80,(anonymous_23)
FNDA:80,(anonymous_24)
FNDA:84,updateNodeOnRootScope
FNDA:115,(anonymous_26)
FNDA:122,(anonymous_27)
FNDA:1163,(anonymous_28)
FNDA:80,(anonymous_29)
FNDA:80,(anonymous_30)
FNDA:1396,(anonymous_31)
FNDA:80,(anonymous_32)
FNDA:150,(anonymous_33)
FNDA:150,(anonymous_34)
FNDA:80,(anonymous_35)
FNDA:1396,(anonymous_36)
FNDA:1396,(anonymous_37)
FNDA:116023,(anonymous_38)
FNDA:18,(anonymous_39)
FNDA:1396,(anonymous_40)
DA:2,1
DA:3,0
DA:5,1
DA:8,1
DA:9,1454
DA:10,53
DA:11,53
DA:12,53
DA:13,53
DA:14,97
DA:15,75
DA:16,97
DA:17,97
DA:19,53
DA:23,1
DA:24,23616
DA:25,1166
DA:28,1
DA:29,4538
DA:32,1
DA:33,244780
DA:34,0
DA:36,0
DA:37,0
DA:39,244780
DA:40,244780
DA:42,244780
DA:43,663814
DA:44,489550
DA:49,244780
DA:51,1
DA:52,133128
DA:53,10738
DA:54,122390
DA:55,122390
DA:56,122390
DA:57,122390
DA:58,122390
DA:61,1
DA:62,4508
DA:65,1
DA:66,1476
DA:67,1476
DA:68,1476
DA:69,1476
DA:70,1476
DA:71,1476
DA:72,1476
DA:73,1476
DA:74,1476
DA:75,1476
DA:76,1476
DA:77,1476
DA:78,1476
DA:79,1476
DA:80,1476
DA:81,1476
DA:84,1
DA:93,1
DA:94,17039
DA:95,390
DA:96,22
DA:98,368
DA:101,16649
DA:106,80
DA:125,80
DA:127,80
DA:129,80
DA:130,80
DA:131,80
DA:132,80
DA:133,10
DA:135,80
DA:138,1
DA:139,4636
DA:140,38
DA:141,4598
DA:142,129
DA:143,90
DA:144,33
DA:147,96
DA:151,80
DA:152,3141
DA:153,3141
DA:154,3141
DA:155,4
DA:156,3141
DA:157,2296
DA:158,845
DA:159,329
DA:161,516
DA:164,80
DA:165,4526
DA:166,450
DA:168,4076
DA:171,80
DA:172,3106
DA:175,80
DA:176,33
DA:177,33
DA:178,33
DA:179,33
DA:180,28
DA:183,5
DA:184,5
DA:185,9
DA:186,5
DA:189,5
DA:190,5
DA:192,33
DA:193,33
DA:194,33
DA:195,33
DA:202,80
DA:203,29
DA:204,29
DA:206,3
DA:208,26
DA:210,1
DA:213,25
DA:214,25
DA:215,9
DA:216,9
DA:217,4
DA:218,2
DA:219,2
DA:222,9
DA:223,7
DA:224,7
DA:226,2
DA:229,16
DA:230,13
DA:231,13
DA:234,3
DA:235,2
DA:237,1
DA:238,1
DA:242,25
DA:243,25
DA:244,25
DA:245,25
DA:252,80
DA:253,4526
DA:254,4526
DA:255,4526
DA:256,4526
DA:257,4
DA:259,4526
DA:262,80
DA:263,4526
DA:264,4526
DA:265,4526
DA:269,80
DA:270,14
DA:273,80
DA:274,14
DA:278,80
DA:287,80
DA:288,80
DA:290,80
DA:291,1
DA:294,80
DA:295,79
DA:307,80
DA:310,80
DA:312,80
DA:313,84
DA:314,84
DA:315,3
DA:316,81
DA:317,81
DA:318,81
DA:321,0
DA:322,0
DA:323,0
DA:327,80
DA:328,115
DA:329,115
DA:330,115
DA:331,115
DA:333,115
DA:334,122
DA:335,122
DA:339,122
DA:344,115
DA:345,1163
DA:346,1163
DA:347,11139
DA:348,11139
DA:349,53
DA:350,53
DA:353,1163
DA:354,1110
DA:356,115
DA:364,80
DA:365,80
DA:370,80
DA:376,80
DA:379,1396
DA:380,1396
DA:385,80
DA:390,150
DA:391,150
DA:397,80
DA:399,1396
DA:403,1396
DA:404,279
DA:405,116023
DA:406,111
DA:407,111
DA:411,1396
DA:412,2
DA:413,1394
DA:414,22
DA:415,22
DA:416,6
DA:417,2
DA:420,22
DA:424,1396
DA:425,1396
DA:426,1396
DA:427,1396
DA:428,1396
DA:429,1396
DA:430,1396
DA:431,1396
DA:432,1396
DA:433,1396
DA:434,1396
DA:435,18
DA:438,1396
DA:439,1396
DA:440,1396
LF:233
LH:226
BRDA:2,1,0,0
BRDA:2,1,1,1
BRDA:2,2,0,1
BRDA:2,2,1,1
BRDA:2,2,2,0
BRDA:13,3,0,150
BRDA:13,3,1,150
BRDA:14,4,0,75
BRDA:14,4,1,22
BRDA:24,5,0,1166
BRDA:24,5,1,22450
BRDA:29,6,0,4538
BRDA:29,6,1,4453
BRDA:33,7,0,0
BRDA:33,7,1,244780
BRDA:34,8,0,0
BRDA:34,8,1,0
BRDA:39,9,0,244780
BRDA:39,9,1,0
BRDA:40,10,0,244780
BRDA:40,10,1,244780
BRDA:43,11,0,489550
BRDA:43,11,1,174264
BRDA:43,12,0,663814
BRDA:43,12,1,663814
BRDA:43,13,0,663814
BRDA:43,13,1,174264
BRDA:49,14,0,244780
BRDA:49,14,1,0
BRDA:52,15,0,10738
BRDA:52,15,1,122390
BRDA:52,16,0,133128
BRDA:52,16,1,128168
BRDA:94,17,0,390
BRDA:94,17,1,16649
BRDA:95,18,0,22
BRDA:95,18,1,368
BRDA:125,19,0,80
BRDA:125,19,1,51
BRDA:129,20,0,80
BRDA:129,20,1,79
BRDA:130,21,0,80
BRDA:130,21,1,75
BRDA:139,22,0,38
BRDA:139,22,1,4598
BRDA:139,23,0,4636
BRDA:139,23,1,4507
BRDA:141,24,0,129
BRDA:141,24,1,4469
BRDA:141,25,0,4598
BRDA:141,25,1,129
BRDA:143,26,0,33
BRDA:143,26,1,57
BRDA:154,27,0,4
BRDA:154,27,1,3137
BRDA:154,28,0,3141
BRDA:154,28,1,110
BRDA:156,29,0,2296
BRDA:156,29,1,845
BRDA:158,30,0,329
BRDA:158,30,1,516
BRDA:165,31,0,450
BRDA:165,31,1,4076
BRDA:178,32,0,28
BRDA:178,32,1,5
BRDA:179,33,0,28
BRDA:179,33,1,5
BRDA:184,34,0,14
BRDA:184,34,1,10
BRDA:185,35,0,5
BRDA:185,35,1,4
BRDA:189,36,0,5
BRDA:189,36,1,0
BRDA:192,37,0,33
BRDA:192,37,1,0
BRDA:193,38,0,25
BRDA:193,38,1,8
BRDA:204,39,0,3
BRDA:204,39,1,26
BRDA:204,40,0,29
BRDA:204,40,1,23
BRDA:204,40,2,22
BRDA:208,41,0,1
BRDA:208,41,1,25
BRDA:208,42,0,26
BRDA:208,42,1,6
BRDA:214,43,0,9
BRDA:214,43,1,16
BRDA:217,44,0,2
BRDA:217,44,1,2
BRDA:222,45,0,7
BRDA:222,45,1,2
BRDA:229,46,0,13
BRDA:229,46,1,3
BRDA:234,47,0,2
BRDA:234,47,1,1
BRDA:242,48,0,25
BRDA:242,48,1,0
BRDA:243,49,0,20
BRDA:243,49,1,5
BRDA:256,50,0,4
BRDA:256,50,1,4522
BRDA:256,51,0,4526
BRDA:256,51,1,110
BRDA:259,52,0,67
BRDA:259,52,1,4459
BRDA:265,53,0,27
BRDA:265,53,1,4499
BRDA:270,54,0,14
BRDA:270,54,1,6
BRDA:270,54,2,6
BRDA:270,54,3,2
BRDA:279,55,0,6
BRDA:279,55,1,74
BRDA:288,56,0,80
BRDA:288,56,1,79
BRDA:290,57,0,1
BRDA:290,57,1,79
BRDA:294,58,0,79
BRDA:294,58,1,1
BRDA:313,59,0,84
BRDA:313,59,1,0
BRDA:314,60,0,3
BRDA:314,60,1,81
BRDA:314,61,0,84
BRDA:314,61,1,4
BRDA:321,62,0,0
BRDA:321,62,1,0
BRDA:346,63,0,12302
BRDA:346,63,1,11181
BRDA:348,64,0,53
BRDA:348,64,1,11086
BRDA:353,65,0,1110
BRDA:353,65,1,53
BRDA:403,66,0,279
BRDA:403,66,1,1117
BRDA:405,67,0,111
BRDA:405,67,1,115912
BRDA:411,68,0,2
BRDA:411,68,1,1394
BRDA:411,69,0,1396
BRDA:411,69,1,1374
BRDA:413,70,0,22
BRDA:413,70,1,1372
BRDA:416,71,0,2
BRDA:416,71,1,4
BRDA:427,72,0,217
BRDA:427,72,1,1179
BRF:148
BRH:135
end_of_record
